<?xml version="1.0" encoding="UTF-8"?>
<testsuite xmlns:xsi="http://www.w3.org/2001/XMLSchema-instance" xsi:noNamespaceSchemaLocation="https://maven.apache.org/surefire/maven-surefire-plugin/xsd/surefire-test-report-3.0.xsd" version="3.0" name="ru.netology.services.VacationServiceTest" time="0.299" tests="2" errors="0" skipped="0" failures="0">
  <properties>
[...]
</properties>
  <testcase name="shouldCalculateVacationMonths(int, int, int, int)[1]" classname="ru.netology.services.VacationServiceTest" time="0.067"/>
  <testcase name="shouldCalculateVacationMonths(int, int, int, int)[2]" classname="ru.netology.services.VacationServiceTest" time="0.002"/>
</testsuite>